2026-07-18 14:06:01 [INFO] (test_page1_class.py:14) This function name is enter_multiple_city
2026-07-18 14:06:01 [INFO] (selenium_base.py:34) the name of the value is Bangalore and locator is ('xpath', "//input[@name='fromcity']")
2026-07-18 14:06:01 [INFO] (selenium_base.py:25) the name of the locator is ('xpath', "//input[@name='fromcity']")
2026-07-18 14:06:02 [INFO] (selenium_base.py:34) the name of the value is Mumbai and locator is ('xpath', "//input[@name='destcity']")
2026-07-18 14:06:02 [INFO] (selenium_base.py:25) the name of the locator is ('xpath', "//input[@name='destcity']")
2026-07-18 14:06:12 [INFO] (selenium_base.py:29) The name of the locator is ('id', 'female')
2026-07-18 14:06:12 [INFO] (selenium_base.py:25) the name of the locator is ('id', 'female')
2026-07-18 14:06:17 [INFO] (selenium_base.py:25) the name of the locator is ('xpath', "//select[@id='admorepass']")
2026-07-18 14:06:22 [INFO] (selenium_base.py:25) the name of the locator is ('xpath', "//select[@id='billing_country']")
2026-07-18 14:06:28 [INFO] (selenium_base.py:34) the name of the value is Anindya and locator is ('xpath', "(//input[@name='firstname'])[1]")
2026-07-18 14:06:28 [INFO] (selenium_base.py:25) the name of the locator is ('xpath', "(//input[@name='firstname'])[1]")
2026-07-18 14:06:28 [INFO] (selenium_base.py:34) the name of the value is Paul and locator is ('xpath', "(//input[@name='firstname'])[2]")
2026-07-18 14:06:28 [INFO] (selenium_base.py:25) the name of the locator is ('xpath', "(//input[@name='firstname'])[2]")
2026-07-18 14:06:33 [INFO] (selenium_base.py:34) the name of the value is Anindya Paul and locator is ('xpath', "//input[@id='billing_name']")
2026-07-18 14:06:33 [INFO] (selenium_base.py:25) the name of the locator is ('xpath', "//input[@id='billing_name']")
2026-07-18 14:06:33 [INFO] (selenium_base.py:34) the name of the value is 9475902522 and locator is ('xpath', "//input[@id='billing_phone']")
2026-07-18 14:06:33 [INFO] (selenium_base.py:25) the name of the locator is ('xpath', "//input[@id='billing_phone']")
2026-07-18 14:06:33 [INFO] (selenium_base.py:34) the name of the value is anindyapl389@gmail.com and locator is ('xpath', "//input[@id='billing_email']")
2026-07-18 14:06:33 [INFO] (selenium_base.py:25) the name of the locator is ('xpath', "//input[@id='billing_email']")
2026-07-18 14:06:33 [INFO] (selenium_base.py:34) the name of the value is 1no kalighat road and locator is ('xpath', "//input[@id='billing_address']")
2026-07-18 14:06:33 [INFO] (selenium_base.py:25) the name of the locator is ('xpath', "//input[@id='billing_address']")
2026-07-18 14:06:34 [INFO] (selenium_base.py:34) the name of the value is 736170 and locator is ('xpath', "//input[@id='postcode']")
2026-07-18 14:06:34 [INFO] (selenium_base.py:25) the name of the locator is ('xpath', "//input[@id='postcode']")
2026-07-18 14:06:34 [INFO] (selenium_base.py:34) the name of the value is New and locator is ('xpath', "//input[@id='Prefecture']")
2026-07-18 14:06:34 [INFO] (selenium_base.py:25) the name of the locator is ('xpath', "//input[@id='Prefecture']")
