2026-05-22 08:57:30 [INFO] (selenium_base.py:26) entering text:Admin in the locator : ('xpath', "//input[@placeholder='Username']")
2026-05-22 08:57:30 [INFO] (selenium_base.py:17) getting element with locator : ('xpath', "//input[@placeholder='Username']")
2026-05-22 08:57:30 [INFO] (selenium_base.py:26) entering text:admin123 in the locator : ('xpath', "//input[@placeholder='Password']")
2026-05-22 08:57:30 [INFO] (selenium_base.py:17) getting element with locator : ('xpath', "//input[@placeholder='Password']")
2026-05-22 08:57:31 [INFO] (selenium_base.py:21) clicking on element with locator : ('xpath', "//button[normalize-space()='Login']")
2026-05-22 08:57:31 [INFO] (selenium_base.py:17) getting element with locator : ('xpath', "//button[normalize-space()='Login']")
2026-05-22 08:57:31 [INFO] (test_orange_hrm.py:15) Login successful
2026-05-22 08:57:31 [INFO] (selenium_base.py:21) clicking on element with locator : ('xpath', "//span[text()='Admin']/parent::a")
2026-05-22 08:57:31 [INFO] (selenium_base.py:17) getting element with locator : ('xpath', "//span[text()='Admin']/parent::a")
2026-05-22 08:57:34 [INFO] (selenium_base.py:21) clicking on element with locator : ('xpath', "//button[normalize-space()='Add']")
2026-05-22 08:57:34 [INFO] (selenium_base.py:17) getting element with locator : ('xpath', "//button[normalize-space()='Add']")
2026-05-22 08:57:35 [INFO] (selenium_base.py:21) clicking on element with locator : ('xpath', "//label[text()='User Role']//parent::div/parent::div//div[text()='-- Select --']")
2026-05-22 08:57:35 [INFO] (selenium_base.py:17) getting element with locator : ('xpath', "//label[text()='User Role']//parent::div/parent::div//div[text()='-- Select --']")
2026-05-22 08:57:35 [INFO] (selenium_base.py:21) clicking on element with locator : ('xpath', "//div[@role='option']//span[text()='Admin']")
2026-05-22 08:57:35 [INFO] (selenium_base.py:17) getting element with locator : ('xpath', "//div[@role='option']//span[text()='Admin']")
2026-05-22 08:57:35 [INFO] (selenium_base.py:21) clicking on element with locator : ('xpath', "//label[text()='Status']//parent::div/parent::div//div[text()='-- Select --']")
2026-05-22 08:57:35 [INFO] (selenium_base.py:17) getting element with locator : ('xpath', "//label[text()='Status']//parent::div/parent::div//div[text()='-- Select --']")
2026-05-22 08:57:35 [INFO] (selenium_base.py:21) clicking on element with locator : ('xpath', "//div[@role='option']//span[text()='Enabled']")
2026-05-22 08:57:35 [INFO] (selenium_base.py:17) getting element with locator : ('xpath', "//div[@role='option']//span[text()='Enabled']")
2026-05-22 08:57:36 [INFO] (selenium_base.py:26) entering text:Ravi MB in the locator : ('xpath', "//label[text()='Employee Name']//parent::div/parent::div//input")
2026-05-22 08:57:36 [INFO] (selenium_base.py:17) getting element with locator : ('xpath', "//label[text()='Employee Name']//parent::div/parent::div//input")
2026-05-22 08:57:39 [INFO] (selenium_base.py:21) clicking on element with locator : ('xpath', "//div[@role='option']//span[text()='Ravi MB']")
2026-05-22 08:57:39 [INFO] (selenium_base.py:17) getting element with locator : ('xpath', "//div[@role='option']//span[text()='Ravi MB']")
